<?xml version="1.0" encoding="UTF-8"?>
<!-- Generated by org.testng.reporters.JUnitReportReporter -->
<testsuite hostname="TYSS-Yogita" failures="0" tests="4" name="com.demowebshop.testscripts.LoginTest" time="29.467" errors="0" timestamp="2024-02-26T13:23:32 IST" skipped="0">
  <testcase classname="com.demowebshop.testscripts.LoginTest" name="tC_Login_001" time="7.309"/>
  <testcase classname="com.demowebshop.testscripts.LoginTest" name="tC_Login_001" time="6.780"/>
  <testcase classname="com.demowebshop.testscripts.LoginTest" name="tC_Login_001" time="7.939"/>
  <testcase classname="com.demowebshop.testscripts.LoginTest" name="tC_Login_001" time="7.439"/>
</testsuite> <!-- com.demowebshop.testscripts.LoginTest -->
