<?xml version="1.0" encoding="UTF-8"?>
<!-- Generated by org.testng.reporters.JUnitReportReporter -->
<testsuite hostname="TYSS-Yogita" failures="0" tests="2" name="com.demowebshop.testscripts.RegisterTest" time="16.061" errors="0" timestamp="2024-02-26T13:23:32 IST" skipped="0">
  <testcase classname="com.demowebshop.testscripts.RegisterTest" name="TC_Register_001" time="7.487"/>
  <testcase classname="com.demowebshop.testscripts.RegisterTest" name="TC_Register_001" time="8.574"/>
</testsuite> <!-- com.demowebshop.testscripts.RegisterTest -->
